<?xml version="1.0" encoding="UTF-8"?>
<testng-results skipped="0" failed="0" ignored="0" total="3" passed="3">
  <reporter-output>
  </reporter-output>
  <suite name="Default suite" duration-ms="4380" started-at="2020-09-05T11:02:21Z" finished-at="2020-09-05T11:02:25Z">
    <groups>
    </groups>
    <test name="Default test" duration-ms="4380" started-at="2020-09-05T11:02:21Z" finished-at="2020-09-05T11:02:25Z">
      <class name="Files.DynamicJson">
        <test-method status="PASS" signature="addBook(java.lang.String, java.lang.String)[pri:0, instance:Files.DynamicJson@3bfdc050]" name="addBook" duration-ms="3625" started-at="2020-09-05T11:02:21Z" data-provider="BooksData" finished-at="2020-09-05T11:02:24Z">
          <params>
            <param index="0">
              <value>
                <![CDATA[aassdd]]>
              </value>
            </param>
            <param index="1">
              <value>
                <![CDATA[112233]]>
              </value>
            </param>
          </params>
          <reporter-output>
          </reporter-output>
        </test-method> <!-- addBook -->
        <test-method status="PASS" signature="addBook(java.lang.String, java.lang.String)[pri:0, instance:Files.DynamicJson@3bfdc050]" name="addBook" duration-ms="330" started-at="2020-09-05T11:02:24Z" data-provider="BooksData" finished-at="2020-09-05T11:02:25Z">
          <params>
            <param index="0">
              <value>
                <![CDATA[ssddff]]>
              </value>
            </param>
            <param index="1">
              <value>
                <![CDATA[223344]]>
              </value>
            </param>
          </params>
          <reporter-output>
          </reporter-output>
        </test-method> <!-- addBook -->
        <test-method status="PASS" signature="addBook(java.lang.String, java.lang.String)[pri:0, instance:Files.DynamicJson@3bfdc050]" name="addBook" duration-ms="360" started-at="2020-09-05T11:02:25Z" data-provider="BooksData" finished-at="2020-09-05T11:02:25Z">
          <params>
            <param index="0">
              <value>
                <![CDATA[ddffgg]]>
              </value>
            </param>
            <param index="1">
              <value>
                <![CDATA[334455]]>
              </value>
            </param>
          </params>
          <reporter-output>
          </reporter-output>
        </test-method> <!-- addBook -->
      </class> <!-- Files.DynamicJson -->
    </test> <!-- Default test -->
  </suite> <!-- Default suite -->
</testng-results>
